<?xml version="1.0" encoding="UTF-8"?>
<!-- Generated by org.testng.reporters.JUnitXMLReporter -->
<testsuite ignored="0" hostname="DESKTOP-E4BUKL1" failures="0" tests="4" name="Default test" time="30.187" errors="0" timestamp="2024-04-11T04:04:32 GMT-12:00">
  <testcase classname="com.qafoc.test.Login" name="VerifyLoginWithValidCredential" time="1.131"/>
  <testcase classname="com.qafoc.test.Login" name="VerifyLoginWithInvalidCredential" time="3.963"/>
  <testcase classname="com.qafoc.test.Login" name="VerifyLoginWithInvalidUsername" time="1.02"/>
  <testcase classname="com.qafoc.test.Login" name="VerifyLoginWithInavlidPassword" time="0.934"/>
</testsuite> <!-- Default test -->
