<?xml version="1.0" encoding="UTF-8"?>
<!-- Generated by org.testng.reporters.JUnitXMLReporter -->
<testsuite ignored="0" hostname="DESKTOP-E4BUKL1" failures="1" tests="4" name="Test" time="26.975" errors="0" timestamp="2024-04-19T04:10:07 GMT-12:00">
  <testcase classname="com.qafoc.test.Login" name="VerifyLoginWithValidCredential" time="1.22"/>
  <testcase classname="com.qafoc.test.Login" name="VerifyLoginWithInvalidCredential" time="1.135"/>
  <testcase classname="com.qafoc.test.Login" name="VerifyLoginWithInvalidUsername" time="1.141"/>
  <testcase classname="com.qafoc.test.Login" name="VerifyLoginWithInavlidPassword" time="0.013">
    <failure type="java.lang.Error" message="Unresolved compilation problems: 
	Syntax error, insert &amp;quot;AssignmentOperator Expression&amp;quot; to complete Expression
	click cannot be resolved or is not a field
">
      <![CDATA[java.lang.Error: Unresolved compilation problems: 
Syntax error, insert "AssignmentOperator Expression" to complete Expression
click cannot be resolved or is not a field

at com.qafoc.test.Login.VerifyLoginWithInavlidPassword(Login.java:102)
at java.base/java.util.ArrayList.forEach(ArrayList.java:1596)
... Removed 25 stack frames]]>
    </failure>
  </testcase> <!-- VerifyLoginWithInavlidPassword -->
</testsuite> <!-- Test -->
