<?xml version="1.0" encoding="UTF-8"?>
<testng-results ignored="0" total="4" passed="3" failed="1" skipped="0">
  <reporter-output>
  </reporter-output>
  <suite started-at="2024-04-19T04:09:38 GMT-12:00" name="Suite" finished-at="2024-04-19T04:10:05 GMT-12:00" duration-ms="26975">
    <groups>
    </groups>
    <test started-at="2024-04-19T04:09:38 GMT-12:00" name="Test" finished-at="2024-04-19T04:10:05 GMT-12:00" duration-ms="26975">
      <class name="com.qafoc.test.Login">
        <test-method is-config="true" signature="setup()[pri:0, instance:com.qafoc.test.Login@1cf6d1be]" started-at="2024-04-19T04:09:38 GMT-12:00" name="setup" finished-at="2024-04-19T04:09:45 GMT-12:00" duration-ms="6559" status="PASS">
          <reporter-output>
          </reporter-output>
        </test-method> <!-- setup -->
        <test-method signature="VerifyLoginWithValidCredential()[pri:1, instance:com.qafoc.test.Login@1cf6d1be]" started-at="2024-04-19T04:09:45 GMT-12:00" name="VerifyLoginWithValidCredential" finished-at="2024-04-19T04:09:46 GMT-12:00" duration-ms="1220" status="PASS">
          <reporter-output>
          </reporter-output>
        </test-method> <!-- VerifyLoginWithValidCredential -->
        <test-method is-config="true" signature="TearDown()[pri:0, instance:com.qafoc.test.Login@1cf6d1be]" started-at="2024-04-19T04:09:46 GMT-12:00" name="TearDown" finished-at="2024-04-19T04:09:47 GMT-12:00" duration-ms="492" status="PASS">
          <reporter-output>
          </reporter-output>
        </test-method> <!-- TearDown -->
        <test-method is-config="true" signature="setup()[pri:0, instance:com.qafoc.test.Login@1cf6d1be]" started-at="2024-04-19T04:09:47 GMT-12:00" name="setup" finished-at="2024-04-19T04:09:52 GMT-12:00" duration-ms="5240" status="PASS">
          <reporter-output>
          </reporter-output>
        </test-method> <!-- setup -->
        <test-method signature="VerifyLoginWithInvalidCredential()[pri:2, instance:com.qafoc.test.Login@1cf6d1be]" started-at="2024-04-19T04:09:52 GMT-12:00" name="VerifyLoginWithInvalidCredential" finished-at="2024-04-19T04:09:53 GMT-12:00" duration-ms="1135" status="PASS">
          <reporter-output>
          </reporter-output>
        </test-method> <!-- VerifyLoginWithInvalidCredential -->
        <test-method is-config="true" signature="TearDown()[pri:0, instance:com.qafoc.test.Login@1cf6d1be]" started-at="2024-04-19T04:09:53 GMT-12:00" name="TearDown" finished-at="2024-04-19T04:09:54 GMT-12:00" duration-ms="412" status="PASS">
          <reporter-output>
          </reporter-output>
        </test-method> <!-- TearDown -->
        <test-method is-config="true" signature="setup()[pri:0, instance:com.qafoc.test.Login@1cf6d1be]" started-at="2024-04-19T04:09:54 GMT-12:00" name="setup" finished-at="2024-04-19T04:09:58 GMT-12:00" duration-ms="4450" status="PASS">
          <reporter-output>
          </reporter-output>
        </test-method> <!-- setup -->
        <test-method signature="VerifyLoginWithInvalidUsername()[pri:3, instance:com.qafoc.test.Login@1cf6d1be]" started-at="2024-04-19T04:09:58 GMT-12:00" name="VerifyLoginWithInvalidUsername" finished-at="2024-04-19T04:09:59 GMT-12:00" duration-ms="1141" status="PASS">
          <reporter-output>
          </reporter-output>
        </test-method> <!-- VerifyLoginWithInvalidUsername -->
        <test-method is-config="true" signature="TearDown()[pri:0, instance:com.qafoc.test.Login@1cf6d1be]" started-at="2024-04-19T04:09:59 GMT-12:00" name="TearDown" finished-at="2024-04-19T04:10:00 GMT-12:00" duration-ms="429" status="PASS">
          <reporter-output>
          </reporter-output>
        </test-method> <!-- TearDown -->
        <test-method is-config="true" signature="setup()[pri:0, instance:com.qafoc.test.Login@1cf6d1be]" started-at="2024-04-19T04:10:00 GMT-12:00" name="setup" finished-at="2024-04-19T04:10:04 GMT-12:00" duration-ms="4480" status="PASS">
          <reporter-output>
          </reporter-output>
        </test-method> <!-- setup -->
        <test-method signature="VerifyLoginWithInavlidPassword()[pri:4, instance:com.qafoc.test.Login@1cf6d1be]" started-at="2024-04-19T04:10:04 GMT-12:00" name="VerifyLoginWithInavlidPassword" finished-at="2024-04-19T04:10:04 GMT-12:00" duration-ms="13" status="FAIL">
          <exception class="java.lang.Error">
            <message>
              <![CDATA[Unresolved compilation problems: 
Syntax error, insert "AssignmentOperator Expression" to complete Expression
click cannot be resolved or is not a field
]]>
            </message>
            <full-stacktrace>
              <![CDATA[java.lang.Error: Unresolved compilation problems: 
Syntax error, insert "AssignmentOperator Expression" to complete Expression
click cannot be resolved or is not a field

at com.qafoc.test.Login.VerifyLoginWithInavlidPassword(Login.java:102)
at java.base/jdk.internal.reflect.DirectMethodHandleAccessor.invoke(DirectMethodHandleAccessor.java:103)
at java.base/java.lang.reflect.Method.invoke(Method.java:580)
at org.testng.internal.invokers.MethodInvocationHelper.invokeMethod(MethodInvocationHelper.java:139)
at org.testng.internal.invokers.TestInvoker.invokeMethod(TestInvoker.java:664)
at org.testng.internal.invokers.TestInvoker.invokeTestMethod(TestInvoker.java:228)
at org.testng.internal.invokers.MethodRunner.runInSequence(MethodRunner.java:63)
at org.testng.internal.invokers.TestInvoker$MethodInvocationAgent.invoke(TestInvoker.java:961)
at org.testng.internal.invokers.TestInvoker.invokeTestMethods(TestInvoker.java:201)
at org.testng.internal.invokers.TestMethodWorker.invokeTestMethods(TestMethodWorker.java:148)
at org.testng.internal.invokers.TestMethodWorker.run(TestMethodWorker.java:128)
at java.base/java.util.ArrayList.forEach(ArrayList.java:1596)
at org.testng.TestRunner.privateRun(TestRunner.java:819)
at org.testng.TestRunner.run(TestRunner.java:619)
at org.testng.SuiteRunner.runTest(SuiteRunner.java:443)
at org.testng.SuiteRunner.runSequentially(SuiteRunner.java:437)
at org.testng.SuiteRunner.privateRun(SuiteRunner.java:397)
at org.testng.SuiteRunner.run(SuiteRunner.java:336)
at org.testng.SuiteRunnerWorker.runSuite(SuiteRunnerWorker.java:52)
at org.testng.SuiteRunnerWorker.run(SuiteRunnerWorker.java:95)
at org.testng.TestNG.runSuitesSequentially(TestNG.java:1301)
at org.testng.TestNG.runSuitesLocally(TestNG.java:1228)
at org.testng.TestNG.runSuites(TestNG.java:1134)
at org.testng.TestNG.run(TestNG.java:1101)
at org.testng.remote.AbstractRemoteTestNG.run(AbstractRemoteTestNG.java:115)
at org.testng.remote.RemoteTestNG.initAndRun(RemoteTestNG.java:251)
at org.testng.remote.RemoteTestNG.main(RemoteTestNG.java:77)
]]>
            </full-stacktrace>
          </exception> <!-- java.lang.Error -->
          <reporter-output>
          </reporter-output>
        </test-method> <!-- VerifyLoginWithInavlidPassword -->
        <test-method is-config="true" signature="TearDown()[pri:0, instance:com.qafoc.test.Login@1cf6d1be]" started-at="2024-04-19T04:10:04 GMT-12:00" name="TearDown" finished-at="2024-04-19T04:10:05 GMT-12:00" duration-ms="425" status="PASS">
          <reporter-output>
          </reporter-output>
        </test-method> <!-- TearDown -->
      </class> <!-- com.qafoc.test.Login -->
    </test> <!-- Test -->
  </suite> <!-- Suite -->
</testng-results>
